<?xml version="1.0" encoding="UTF-8"?>
<testsuite name="com.adhd.ad_hell.domain.user.query.service.UserPointQueryServiceTest" tests="1" skipped="0" failures="0" errors="0" timestamp="2025-11-07T00:54:51.282Z" hostname="DESKTOP-QUJTSAN" time="1.876">
  <properties/>
  <testcase name="getMyPointHistory() - 정상 조회 성공" classname="com.adhd.ad_hell.domain.user.query.service.UserPointQueryServiceTest" time="1.876"/>
  <system-out><![CDATA[09:54:52.899 [Test worker] INFO com.adhd.ad_hell.common.util.SecurityUtil -- [SecurityUtil/getLoginUserInfo] ########### 로그인 성공 ##################
09:54:52.902 [Test worker] INFO com.adhd.ad_hell.common.util.SecurityUtil -- [SecurityUtil/getLoginUserInfo] userDetails.getUserId()= 10,userDetails.getUsername()=user@test.com, userDetails.getRole()=USER 
]]></system-out>
  <system-err><![CDATA[Mockito is currently self-attaching to enable the inline-mock-maker. This will no longer work in future releases of the JDK. Please add Mockito as an agent to your build as described in Mockito's documentation: https://javadoc.io/doc/org.mockito/mockito-core/latest/org.mockito/org/mockito/Mockito.html#0.3
WARNING: A Java agent has been loaded dynamically (C:\Users\Playdata\.gradle\caches\modules-2\files-2.1\net.bytebuddy\byte-buddy-agent\1.17.7\fbf3d6d649ed37fc9e9c59480a05be0a26e3c2da\byte-buddy-agent-1.17.7.jar)
WARNING: If a serviceability tool is in use, please run with -XX:+EnableDynamicAgentLoading to hide this warning
WARNING: If a serviceability tool is not in use, please run with -Djdk.instrument.traceUsage for more information
WARNING: Dynamic loading of agents will be disallowed by default in a future release
]]></system-err>
</testsuite>
