<?xml version="1.0" encoding="UTF-8"?>
<testsuite name="com.adhd.ad_hell.domain.notification.command.infrastructure.sse.NotificationSseHeartbeatTest" tests="1" skipped="0" failures="0" errors="0" timestamp="2025-11-07T12:18:59.923Z" hostname="DESKTOP-QUJTSAN" time="0.055">
  <properties/>
  <testcase name="ping() 호출 시 emitters.broadcast(&quot;PING&quot;, &quot;keep-alive&quot;) 를 호출한다" classname="com.adhd.ad_hell.domain.notification.command.infrastructure.sse.NotificationSseHeartbeatTest" time="0.055"/>
  <system-out><![CDATA[]]></system-out>
  <system-err><![CDATA[]]></system-err>
</testsuite>
