<?xml version="1.0" encoding="UTF-8"?>
<testsuite name="com.adhd.ad_hell.domain.notification.command.domain.aggregate.NotificationTemplateTest" tests="1" skipped="0" failures="0" errors="0" timestamp="2025-11-07T12:18:59.867Z" hostname="DESKTOP-QUJTSAN" time="0.005">
  <properties/>
  <testcase name="update null 또는 blank는 무시하고 restore까지 동작한다" classname="com.adhd.ad_hell.domain.notification.command.domain.aggregate.NotificationTemplateTest" time="0.005"/>
  <system-out><![CDATA[]]></system-out>
  <system-err><![CDATA[]]></system-err>
</testsuite>
