<?xml version="1.0" encoding="UTF-8"?>
<testsuite name="com.adhd.ad_hell.domain.notification.query.controller.NotificationQueryControllerTest" tests="4" skipped="0" failures="0" errors="0" timestamp="2025-11-07T12:19:01.573Z" hostname="DESKTOP-QUJTSAN" time="0.185">
  <properties/>
  <testcase name="GET /api/users/{userId}/notifications/stream - SSE 구독 요청 시 SseEmitter 반환 및 emitters.add(userId) 호출" classname="com.adhd.ad_hell.domain.notification.query.controller.NotificationQueryControllerTest" time="0.055"/>
  <testcase name="GET /api/users/{userId}/notifications - 본인 요청 시 알림 목록과 페이징 정보가 ApiResponse 로 반환된다" classname="com.adhd.ad_hell.domain.notification.query.controller.NotificationQueryControllerTest" time="0.052"/>
  <testcase name="GET /api/users/{userId}/notifications/unread-count - 본인 요청 시 미읽음 카운트가 ApiResponse 로 반환된다" classname="com.adhd.ad_hell.domain.notification.query.controller.NotificationQueryControllerTest" time="0.016"/>
  <testcase name="GET /api/admin/notifications/templates - ADMIN 권한으로 템플릿 목록/검색 시 ApiResponse 로 반환된다" classname="com.adhd.ad_hell.domain.notification.query.controller.NotificationQueryControllerTest" time="0.055"/>
  <system-out><![CDATA[2025-11-07T21:19:00.059+09:00  INFO 20708 --- [    Test worker] t.c.s.AnnotationConfigContextLoaderUtils : Could not detect default configuration classes for test class [com.adhd.ad_hell.domain.notification.query.controller.NotificationQueryControllerTest]: NotificationQueryControllerTest does not declare any static, non-private, non-final, nested classes annotated with @Configuration.
2025-11-07T21:19:00.490+09:00  INFO 20708 --- [    Test worker] .b.t.c.SpringBootTestContextBootstrapper : Found @SpringBootConfiguration com.adhd.ad_hell.AdHellApplication for test class com.adhd.ad_hell.domain.notification.query.controller.NotificationQueryControllerTest
2025-11-07T21:19:00.509+09:00  INFO 20708 --- [    Test worker] m.p.springdotenv.DotenvPropertySource    : Initialized Dotenv with DotenvConfig{directory=null, filename=null, ignoreIfMalformed=false, ignoreIfMissing=true, systemProperties=false, prefix=null}

  .   ____          _            __ _ _
 /\\ / ___'_ __ _ _(_)_ __  __ _ \ \ \ \
( ( )\___ | '_ | '_| | '_ \/ _` | \ \ \ \
 \\/  ___)| |_)| | | | | || (_| |  ) ) ) )
  '  |____| .__|_| |_|_| |_\__, | / / / /
 =========|_|==============|___/=/_/_/_/

 :: Spring Boot ::                (v3.5.6)

2025-11-07T21:19:00.584+09:00  INFO 20708 --- [    Test worker] .d.n.q.c.NotificationQueryControllerTest : Starting NotificationQueryControllerTest using Java 21.0.8 with PID 20708 (started by Playdata in C:\Users\Playdata\Documents\AD-HELL-API\ad-hell)
2025-11-07T21:19:00.585+09:00  INFO 20708 --- [    Test worker] .d.n.q.c.NotificationQueryControllerTest : No active profile set, falling back to 1 default profile: "default"
2025-11-07T21:19:01.517+09:00  WARN 20708 --- [    Test worker] .s.s.UserDetailsServiceAutoConfiguration : 

Using generated security password: 0a329751-837d-4a4e-bc88-1d02aa99c0ce

This generated password is for development use only. Your security configuration must be updated before running your application in production.

2025-11-07T21:19:01.517+09:00  INFO 20708 --- [    Test worker] r$InitializeUserDetailsManagerConfigurer : Global AuthenticationManager configured with UserDetailsService bean with name inMemoryUserDetailsManager
2025-11-07T21:19:01.549+09:00  INFO 20708 --- [    Test worker] o.s.b.t.m.w.SpringBootMockServletContext : Initializing Spring TestDispatcherServlet ''
2025-11-07T21:19:01.549+09:00  INFO 20708 --- [    Test worker] o.s.t.web.servlet.TestDispatcherServlet  : Initializing Servlet ''
2025-11-07T21:19:01.551+09:00  INFO 20708 --- [    Test worker] o.s.t.web.servlet.TestDispatcherServlet  : Completed initialization in 2 ms
2025-11-07T21:19:01.565+09:00  INFO 20708 --- [    Test worker] .d.n.q.c.NotificationQueryControllerTest : Started NotificationQueryControllerTest in 1.063 seconds (process running for 17.372)
]]></system-out>
  <system-err><![CDATA[]]></system-err>
</testsuite>
