<?xml version="1.0" encoding="UTF-8"?>
<testsuite name="com.adhd.ad_hell.domain.notification.command.infrastructure.sse.NotificationSseListenerTest" tests="2" skipped="0" failures="0" errors="0" timestamp="2025-11-07T12:18:59.983Z" hostname="DESKTOP-QUJTSAN" time="0.024">
  <properties/>
  <testcase name="NotificationReadEvent 수신 시 UNREAD_COUNT SSE 이벤트만 전송한다" classname="com.adhd.ad_hell.domain.notification.command.infrastructure.sse.NotificationSseListenerTest" time="0.008"/>
  <testcase name="NotificationCreatedEvent 수신 시 NOTIFICATION + UNREAD_COUNT SSE 이벤트를 전송한다" classname="com.adhd.ad_hell.domain.notification.command.infrastructure.sse.NotificationSseListenerTest" time="0.014"/>
  <system-out><![CDATA[]]></system-out>
  <system-err><![CDATA[]]></system-err>
</testsuite>
