<?xml version="1.0" encoding="UTF-8"?>
<testsuite name="com.adhd.ad_hell.domain.notification.command.domain.aggregate.NotificationScheduleTest" tests="1" skipped="0" failures="0" errors="0" timestamp="2025-11-07T12:18:59.858Z" hostname="DESKTOP-QUJTSAN" time="0.004">
  <properties/>
  <testcase name="상태변경 메서드들이 정상동작한다" classname="com.adhd.ad_hell.domain.notification.command.domain.aggregate.NotificationScheduleTest" time="0.004"/>
  <system-out><![CDATA[]]></system-out>
  <system-err><![CDATA[]]></system-err>
</testsuite>
